<?xml version="1.0" encoding="UTF-8"?>
<!-- Generated by org.testng.reporters.JUnitXMLReporter -->
<testsuite ignored="4" hostname="DESKTOP-F1TBV5E" failures="0" tests="1" name="Default test" time="9.564" errors="0" timestamp="2023-03-04T12:22:47 IST">
  <testcase classname="seleniumWithTestNG.DemoWorkShop" name="TC_004_verifyTitleFromExcelSheet" time="4.5"/>
  <testcase classname="seleniumWithTestNG.DemoWorkShop" name="TC_006_verifyLoginWithInvalidDatas" time="0.0">
    <ignored/>
  </testcase> <!-- TC_006_verifyLoginWithInvalidDatas -->
  <testcase classname="seleniumWithTestNG.DemoWorkShop" name="TC_002_verifyLogin" time="0.0">
    <ignored/>
  </testcase> <!-- TC_002_verifyLogin -->
  <testcase classname="seleniumWithTestNG.DemoWorkShop" name="selectGender" time="0.0">
    <ignored/>
  </testcase> <!-- selectGender -->
  <testcase classname="seleniumWithTestNG.DemoWorkShop" name="TC_001_verifyObsquraTitle" time="0.0">
    <ignored/>
  </testcase> <!-- TC_001_verifyObsquraTitle -->
</testsuite> <!-- Default test -->
