<?xml version="1.0" encoding="UTF-8"?>
<testng-results ignored="4" total="5" passed="1" failed="0" skipped="0">
  <reporter-output>
  </reporter-output>
  <suite started-at="2023-03-04T12:22:37 IST" name="Default suite" finished-at="2023-03-04T12:22:47 IST" duration-ms="9564">
    <groups>
    </groups>
    <test started-at="2023-03-04T12:22:37 IST" name="Default test" finished-at="2023-03-04T12:22:47 IST" duration-ms="9564">
      <class name="seleniumWithTestNG.DemoWorkShop">
        <test-method is-config="true" signature="setUp()[pri:0, instance:seleniumWithTestNG.DemoWorkShop@7b36aa0c]" started-at="2023-03-04T12:22:37 IST" name="setUp" finished-at="2023-03-04T12:22:42 IST" duration-ms="4472" status="PASS">
          <reporter-output>
          </reporter-output>
        </test-method> <!-- setUp -->
        <test-method signature="TC_004_verifyTitleFromExcelSheet()[pri:0, instance:seleniumWithTestNG.DemoWorkShop@7b36aa0c]" started-at="2023-03-04T12:22:42 IST" name="TC_004_verifyTitleFromExcelSheet" finished-at="2023-03-04T12:22:46 IST" duration-ms="4500" status="PASS">
          <reporter-output>
          </reporter-output>
        </test-method> <!-- TC_004_verifyTitleFromExcelSheet -->
        <test-method is-config="true" signature="tearDown(org.testng.ITestResult)[pri:0, instance:seleniumWithTestNG.DemoWorkShop@7b36aa0c]" started-at="2023-03-04T12:22:46 IST" name="tearDown" finished-at="2023-03-04T12:22:47 IST" duration-ms="463" status="PASS">
          <params>
            <param index="0">
              <value>
                <![CDATA[[TestResult name=TC_004_verifyTitleFromExcelSheet status=SUCCESS method=DemoWorkShop.TC_004_verifyTitleFromExcelSheet()[pri:0, instance:seleniumWithTestNG.DemoWorkShop@7b36aa0c] output={null}]]]>
              </value>
            </param>
          </params>
          <reporter-output>
          </reporter-output>
        </test-method> <!-- tearDown -->
      </class> <!-- seleniumWithTestNG.DemoWorkShop -->
    </test> <!-- Default test -->
  </suite> <!-- Default suite -->
</testng-results>
